<?xml version="1.0" encoding="UTF-8"?>
<!-- Generated by org.testng.reporters.JUnitXMLReporter -->
<testsuite ignored="0" hostname="agile1tech" failures="5" tests="5" name="Default test" time="0.381" errors="0" timestamp="2025-09-13T12:34:15 EDT">
  <testcase classname="io.cucumber.testng.AbstractTestNGCucumberTests" name="runScenario" time="0.04">
    <failure type="io.cucumber.java.PendingException" message="TODO: implement me">
      <![CDATA[io.cucumber.java.PendingException: TODO: implement me
at stepDefs.LoginStepDefs.i_insert_valid_email(LoginStepDefs.java:15)
at ✽.I insert valid email(file:///C:/Users/zahid/workspaces/May2025/com.agileCucumber/src/test/resources/FeatureFiles/sss.feature:9)
]]>
    </failure>
  </testcase> <!-- runScenario -->
  <testcase classname="io.cucumber.testng.AbstractTestNGCucumberTests" name="runScenario" time="0.004">
    <failure type="io.cucumber.java.PendingException" message="TODO: implement me">
      <![CDATA[io.cucumber.java.PendingException: TODO: implement me
at stepDefs.LoginStepDefs.i_insert_invalid_email(LoginStepDefs.java:38)
at ✽.I insert invalid email(file:///C:/Users/zahid/workspaces/May2025/com.agileCucumber/src/test/resources/FeatureFiles/sss.feature:17)
]]>
    </failure>
  </testcase> <!-- runScenario -->
  <testcase classname="io.cucumber.testng.AbstractTestNGCucumberTests" name="runScenario" time="0.017">
    <failure type="io.cucumber.testng.UndefinedStepException" message="The step &amp;apos;I insert invalid &amp;apos;john@do3e.com&amp;apos; and &amp;apos;489343ss2s&amp;apos;&amp;apos; is undefined.
You can implement this step using the snippet(s) below:

@When(&amp;quot;I insert invalid {string} and {string}&amp;quot;)
public void i_insert_invalid_and(String string, String string2) {
    // Write code here that turns the phrase above into concrete actions
    throw new io.cucumber.java.PendingException();
}
">
      <![CDATA[io.cucumber.testng.UndefinedStepException: The step 'I insert invalid 'john@do3e.com' and '489343ss2s'' is undefined.
You can implement this step using the snippet(s) below:

@When("I insert invalid {string} and {string}")
public void i_insert_invalid_and(String string, String string2) {
    // Write code here that turns the phrase above into concrete actions
    throw new io.cucumber.java.PendingException();
}

at ✽.I insert invalid 'john@do3e.com' and '489343ss2s'(file:///C:/Users/zahid/workspaces/May2025/com.agileCucumber/src/test/resources/FeatureFiles/sss.feature:23)
]]>
    </failure>
  </testcase> <!-- runScenario -->
  <testcase classname="io.cucumber.testng.AbstractTestNGCucumberTests" name="runScenario" time="0.005">
    <failure type="io.cucumber.testng.UndefinedStepException" message="The step &amp;apos;I insert invalid &amp;apos;doe@john.com&amp;apos; and &amp;apos;23424564yu&amp;apos;&amp;apos; is undefined.
You can implement this step using the snippet(s) below:

@When(&amp;quot;I insert invalid {string} and {string}&amp;quot;)
public void i_insert_invalid_and(String string, String string2) {
    // Write code here that turns the phrase above into concrete actions
    throw new io.cucumber.java.PendingException();
}
">
      <![CDATA[io.cucumber.testng.UndefinedStepException: The step 'I insert invalid 'doe@john.com' and '23424564yu'' is undefined.
You can implement this step using the snippet(s) below:

@When("I insert invalid {string} and {string}")
public void i_insert_invalid_and(String string, String string2) {
    // Write code here that turns the phrase above into concrete actions
    throw new io.cucumber.java.PendingException();
}

at ✽.I insert invalid 'doe@john.com' and '23424564yu'(file:///C:/Users/zahid/workspaces/May2025/com.agileCucumber/src/test/resources/FeatureFiles/sss.feature:23)
]]>
    </failure>
  </testcase> <!-- runScenario -->
  <testcase classname="io.cucumber.testng.AbstractTestNGCucumberTests" name="runScenario" time="0.004">
    <failure type="io.cucumber.testng.UndefinedStepException" message="The step &amp;apos;I insert invalid &amp;apos;sss@john.com&amp;apos; and &amp;apos;23424564yu&amp;apos;&amp;apos; is undefined.
You can implement this step using the snippet(s) below:

@When(&amp;quot;I insert invalid {string} and {string}&amp;quot;)
public void i_insert_invalid_and(String string, String string2) {
    // Write code here that turns the phrase above into concrete actions
    throw new io.cucumber.java.PendingException();
}
">
      <![CDATA[io.cucumber.testng.UndefinedStepException: The step 'I insert invalid 'sss@john.com' and '23424564yu'' is undefined.
You can implement this step using the snippet(s) below:

@When("I insert invalid {string} and {string}")
public void i_insert_invalid_and(String string, String string2) {
    // Write code here that turns the phrase above into concrete actions
    throw new io.cucumber.java.PendingException();
}

at ✽.I insert invalid 'sss@john.com' and '23424564yu'(file:///C:/Users/zahid/workspaces/May2025/com.agileCucumber/src/test/resources/FeatureFiles/sss.feature:23)
]]>
    </failure>
  </testcase> <!-- runScenario -->
</testsuite> <!-- Default test -->
