<?xml version="1.0" encoding="UTF-8"?>
<testng-results ignored="0" total="5" passed="0" failed="5" skipped="0">
  <reporter-output>
  </reporter-output>
  <suite started-at="2025-09-13T12:34:15 EDT" name="Default suite" finished-at="2025-09-13T12:34:15 EDT" duration-ms="381">
    <groups>
      <group name="cucumber">
        <method signature="AbstractTestNGCucumberTests.runScenario(io.cucumber.testng.PickleWrapper,io.cucumber.testng.FeatureWrapper)[pri:0, instance:stepDefs.RegTestRunner@752325ad]" name="runScenario" class="io.cucumber.testng.AbstractTestNGCucumberTests"/>
      </group> <!-- cucumber -->
    </groups>
    <test started-at="2025-09-13T12:34:15 EDT" name="Default test" finished-at="2025-09-13T12:34:15 EDT" duration-ms="381">
      <class name="stepDefs.RegTestRunner">
        <test-method is-config="true" signature="setUpClass(org.testng.ITestContext)[pri:0, instance:stepDefs.RegTestRunner@752325ad]" started-at="2025-09-13T12:34:15 EDT" name="setUpClass" finished-at="2025-09-13T12:34:15 EDT" duration-ms="256" status="PASS">
          <params>
            <param index="0">
              <value>
                <![CDATA[org.testng.TestRunner@44ea608c]]>
              </value>
            </param>
          </params>
          <reporter-output>
          </reporter-output>
        </test-method> <!-- setUpClass -->
        <test-method signature="runScenario(io.cucumber.testng.PickleWrapper,io.cucumber.testng.FeatureWrapper)[pri:0, instance:stepDefs.RegTestRunner@752325ad]" started-at="2025-09-13T12:34:15 EDT" name="runScenario" description="Runs Cucumber Scenarios" data-provider="scenarios" finished-at="2025-09-13T12:34:15 EDT" duration-ms="40" status="FAIL">
          <params>
            <param index="0">
              <value>
                <![CDATA["Valid Scenario"]]>
              </value>
            </param>
            <param index="1">
              <value>
                <![CDATA["Login Feature"]]>
              </value>
            </param>
          </params>
          <exception class="io.cucumber.java.PendingException">
            <message>
              <![CDATA[TODO: implement me]]>
            </message>
            <full-stacktrace>
              <![CDATA[io.cucumber.java.PendingException: TODO: implement me
at stepDefs.LoginStepDefs.i_insert_valid_email(LoginStepDefs.java:15)
at ✽.I insert valid email(file:///C:/Users/zahid/workspaces/May2025/com.agileCucumber/src/test/resources/FeatureFiles/sss.feature:9)
]]>
            </full-stacktrace>
          </exception> <!-- io.cucumber.java.PendingException -->
          <reporter-output>
          </reporter-output>
        </test-method> <!-- runScenario -->
        <test-method signature="runScenario(io.cucumber.testng.PickleWrapper,io.cucumber.testng.FeatureWrapper)[pri:0, instance:stepDefs.RegTestRunner@752325ad]" started-at="2025-09-13T12:34:15 EDT" name="runScenario" description="Runs Cucumber Scenarios" data-provider="scenarios" finished-at="2025-09-13T12:34:15 EDT" duration-ms="4" status="FAIL">
          <params>
            <param index="0">
              <value>
                <![CDATA["Invalid Scenario"]]>
              </value>
            </param>
            <param index="1">
              <value>
                <![CDATA["Login Feature"]]>
              </value>
            </param>
          </params>
          <exception class="io.cucumber.java.PendingException">
            <message>
              <![CDATA[TODO: implement me]]>
            </message>
            <full-stacktrace>
              <![CDATA[io.cucumber.java.PendingException: TODO: implement me
at stepDefs.LoginStepDefs.i_insert_invalid_email(LoginStepDefs.java:38)
at ✽.I insert invalid email(file:///C:/Users/zahid/workspaces/May2025/com.agileCucumber/src/test/resources/FeatureFiles/sss.feature:17)
]]>
            </full-stacktrace>
          </exception> <!-- io.cucumber.java.PendingException -->
          <reporter-output>
          </reporter-output>
        </test-method> <!-- runScenario -->
        <test-method signature="runScenario(io.cucumber.testng.PickleWrapper,io.cucumber.testng.FeatureWrapper)[pri:0, instance:stepDefs.RegTestRunner@752325ad]" started-at="2025-09-13T12:34:15 EDT" name="runScenario" description="Runs Cucumber Scenarios" data-provider="scenarios" finished-at="2025-09-13T12:34:15 EDT" duration-ms="17" status="FAIL">
          <params>
            <param index="0">
              <value>
                <![CDATA[""]]>
              </value>
            </param>
            <param index="1">
              <value>
                <![CDATA["Login Feature"]]>
              </value>
            </param>
          </params>
          <exception class="io.cucumber.testng.UndefinedStepException">
            <message>
              <![CDATA[The step 'I insert invalid 'john@do3e.com' and '489343ss2s'' is undefined.
You can implement this step using the snippet(s) below:

@When("I insert invalid {string} and {string}")
public void i_insert_invalid_and(String string, String string2) {
    // Write code here that turns the phrase above into concrete actions
    throw new io.cucumber.java.PendingException();
}
]]>
            </message>
            <full-stacktrace>
              <![CDATA[io.cucumber.testng.UndefinedStepException: The step 'I insert invalid 'john@do3e.com' and '489343ss2s'' is undefined.
You can implement this step using the snippet(s) below:

@When("I insert invalid {string} and {string}")
public void i_insert_invalid_and(String string, String string2) {
    // Write code here that turns the phrase above into concrete actions
    throw new io.cucumber.java.PendingException();
}

at ✽.I insert invalid 'john@do3e.com' and '489343ss2s'(file:///C:/Users/zahid/workspaces/May2025/com.agileCucumber/src/test/resources/FeatureFiles/sss.feature:23)
]]>
            </full-stacktrace>
          </exception> <!-- io.cucumber.testng.UndefinedStepException -->
          <reporter-output>
          </reporter-output>
        </test-method> <!-- runScenario -->
        <test-method signature="runScenario(io.cucumber.testng.PickleWrapper,io.cucumber.testng.FeatureWrapper)[pri:0, instance:stepDefs.RegTestRunner@752325ad]" started-at="2025-09-13T12:34:15 EDT" name="runScenario" description="Runs Cucumber Scenarios" data-provider="scenarios" finished-at="2025-09-13T12:34:15 EDT" duration-ms="5" status="FAIL">
          <params>
            <param index="0">
              <value>
                <![CDATA[""]]>
              </value>
            </param>
            <param index="1">
              <value>
                <![CDATA["Login Feature"]]>
              </value>
            </param>
          </params>
          <exception class="io.cucumber.testng.UndefinedStepException">
            <message>
              <![CDATA[The step 'I insert invalid 'doe@john.com' and '23424564yu'' is undefined.
You can implement this step using the snippet(s) below:

@When("I insert invalid {string} and {string}")
public void i_insert_invalid_and(String string, String string2) {
    // Write code here that turns the phrase above into concrete actions
    throw new io.cucumber.java.PendingException();
}
]]>
            </message>
            <full-stacktrace>
              <![CDATA[io.cucumber.testng.UndefinedStepException: The step 'I insert invalid 'doe@john.com' and '23424564yu'' is undefined.
You can implement this step using the snippet(s) below:

@When("I insert invalid {string} and {string}")
public void i_insert_invalid_and(String string, String string2) {
    // Write code here that turns the phrase above into concrete actions
    throw new io.cucumber.java.PendingException();
}

at ✽.I insert invalid 'doe@john.com' and '23424564yu'(file:///C:/Users/zahid/workspaces/May2025/com.agileCucumber/src/test/resources/FeatureFiles/sss.feature:23)
]]>
            </full-stacktrace>
          </exception> <!-- io.cucumber.testng.UndefinedStepException -->
          <reporter-output>
          </reporter-output>
        </test-method> <!-- runScenario -->
        <test-method signature="runScenario(io.cucumber.testng.PickleWrapper,io.cucumber.testng.FeatureWrapper)[pri:0, instance:stepDefs.RegTestRunner@752325ad]" started-at="2025-09-13T12:34:15 EDT" name="runScenario" description="Runs Cucumber Scenarios" data-provider="scenarios" finished-at="2025-09-13T12:34:15 EDT" duration-ms="4" status="FAIL">
          <params>
            <param index="0">
              <value>
                <![CDATA[""]]>
              </value>
            </param>
            <param index="1">
              <value>
                <![CDATA["Login Feature"]]>
              </value>
            </param>
          </params>
          <exception class="io.cucumber.testng.UndefinedStepException">
            <message>
              <![CDATA[The step 'I insert invalid 'sss@john.com' and '23424564yu'' is undefined.
You can implement this step using the snippet(s) below:

@When("I insert invalid {string} and {string}")
public void i_insert_invalid_and(String string, String string2) {
    // Write code here that turns the phrase above into concrete actions
    throw new io.cucumber.java.PendingException();
}
]]>
            </message>
            <full-stacktrace>
              <![CDATA[io.cucumber.testng.UndefinedStepException: The step 'I insert invalid 'sss@john.com' and '23424564yu'' is undefined.
You can implement this step using the snippet(s) below:

@When("I insert invalid {string} and {string}")
public void i_insert_invalid_and(String string, String string2) {
    // Write code here that turns the phrase above into concrete actions
    throw new io.cucumber.java.PendingException();
}

at ✽.I insert invalid 'sss@john.com' and '23424564yu'(file:///C:/Users/zahid/workspaces/May2025/com.agileCucumber/src/test/resources/FeatureFiles/sss.feature:23)
]]>
            </full-stacktrace>
          </exception> <!-- io.cucumber.testng.UndefinedStepException -->
          <reporter-output>
          </reporter-output>
        </test-method> <!-- runScenario -->
        <test-method is-config="true" signature="tearDownClass()[pri:0, instance:stepDefs.RegTestRunner@752325ad]" started-at="2025-09-13T12:34:15 EDT" name="tearDownClass" finished-at="2025-09-13T12:34:15 EDT" duration-ms="30" status="PASS">
          <reporter-output>
          </reporter-output>
        </test-method> <!-- tearDownClass -->
      </class> <!-- stepDefs.RegTestRunner -->
    </test> <!-- Default test -->
  </suite> <!-- Default suite -->
</testng-results>
