<?xml version="1.0" encoding="UTF-8"?>
<!-- Generated by org.testng.reporters.JUnitReportReporter -->
<testsuite hostname="agile1tech" failures="0" tests="5" name="stepDefs.RegTestRunner" time="0.070" errors="5" timestamp="2025-09-13T12:34:15 EDT" skipped="0">
  <testcase classname="stepDefs.RegTestRunner" name="runScenario" time="0.004">
    <error message="The step &#039;I insert invalid &#039;sss@john.com&#039; and &#039;23424564yu&#039;&#039; is undefined.
You can implement this step using the snippet(s) below:

@When(&quot;I insert invalid {string} and {string}&quot;)
public void i_insert_invalid_and(String string, String string2) {
    // Write code here that turns the phrase above into concrete actions
    throw new io.cucumber.java.PendingException();
}
" type="io.cucumber.testng.UndefinedStepException">
      <![CDATA[io.cucumber.testng.UndefinedStepException: The step 'I insert invalid 'sss@john.com' and '23424564yu'' is undefined.
You can implement this step using the snippet(s) below:

@When("I insert invalid {string} and {string}")
public void i_insert_invalid_and(String string, String string2) {
    // Write code here that turns the phrase above into concrete actions
    throw new io.cucumber.java.PendingException();
}

at ✽.I insert invalid 'sss@john.com' and '23424564yu'(file:///C:/Users/zahid/workspaces/May2025/com.agileCucumber/src/test/resources/FeatureFiles/sss.feature:23)
]]>
    </error>
  </testcase> <!-- runScenario -->
  <testcase classname="stepDefs.RegTestRunner" name="runScenario" time="0.040">
    <error message="TODO: implement me" type="io.cucumber.java.PendingException">
      <![CDATA[io.cucumber.java.PendingException: TODO: implement me
at stepDefs.LoginStepDefs.i_insert_valid_email(LoginStepDefs.java:15)
at ✽.I insert valid email(file:///C:/Users/zahid/workspaces/May2025/com.agileCucumber/src/test/resources/FeatureFiles/sss.feature:9)
]]>
    </error>
  </testcase> <!-- runScenario -->
  <testcase classname="stepDefs.RegTestRunner" name="runScenario" time="0.017">
    <error message="The step &#039;I insert invalid &#039;john@do3e.com&#039; and &#039;489343ss2s&#039;&#039; is undefined.
You can implement this step using the snippet(s) below:

@When(&quot;I insert invalid {string} and {string}&quot;)
public void i_insert_invalid_and(String string, String string2) {
    // Write code here that turns the phrase above into concrete actions
    throw new io.cucumber.java.PendingException();
}
" type="io.cucumber.testng.UndefinedStepException">
      <![CDATA[io.cucumber.testng.UndefinedStepException: The step 'I insert invalid 'john@do3e.com' and '489343ss2s'' is undefined.
You can implement this step using the snippet(s) below:

@When("I insert invalid {string} and {string}")
public void i_insert_invalid_and(String string, String string2) {
    // Write code here that turns the phrase above into concrete actions
    throw new io.cucumber.java.PendingException();
}

at ✽.I insert invalid 'john@do3e.com' and '489343ss2s'(file:///C:/Users/zahid/workspaces/May2025/com.agileCucumber/src/test/resources/FeatureFiles/sss.feature:23)
]]>
    </error>
  </testcase> <!-- runScenario -->
  <testcase classname="stepDefs.RegTestRunner" name="runScenario" time="0.005">
    <error message="The step &#039;I insert invalid &#039;doe@john.com&#039; and &#039;23424564yu&#039;&#039; is undefined.
You can implement this step using the snippet(s) below:

@When(&quot;I insert invalid {string} and {string}&quot;)
public void i_insert_invalid_and(String string, String string2) {
    // Write code here that turns the phrase above into concrete actions
    throw new io.cucumber.java.PendingException();
}
" type="io.cucumber.testng.UndefinedStepException">
      <![CDATA[io.cucumber.testng.UndefinedStepException: The step 'I insert invalid 'doe@john.com' and '23424564yu'' is undefined.
You can implement this step using the snippet(s) below:

@When("I insert invalid {string} and {string}")
public void i_insert_invalid_and(String string, String string2) {
    // Write code here that turns the phrase above into concrete actions
    throw new io.cucumber.java.PendingException();
}

at ✽.I insert invalid 'doe@john.com' and '23424564yu'(file:///C:/Users/zahid/workspaces/May2025/com.agileCucumber/src/test/resources/FeatureFiles/sss.feature:23)
]]>
    </error>
  </testcase> <!-- runScenario -->
  <testcase classname="stepDefs.RegTestRunner" name="runScenario" time="0.004">
    <error message="TODO: implement me" type="io.cucumber.java.PendingException">
      <![CDATA[io.cucumber.java.PendingException: TODO: implement me
at stepDefs.LoginStepDefs.i_insert_invalid_email(LoginStepDefs.java:38)
at ✽.I insert invalid email(file:///C:/Users/zahid/workspaces/May2025/com.agileCucumber/src/test/resources/FeatureFiles/sss.feature:17)
]]>
    </error>
  </testcase> <!-- runScenario -->
</testsuite> <!-- stepDefs.RegTestRunner -->
